<?xml version="1.0" encoding="UTF-8"?>
<!-- Generated by org.testng.reporters.JUnitReportReporter -->
<testsuite skipped="0" hostname="IL-MF10-NA102OH" name="naveenSeleniumClass.SeleniumPractice" tests="3" failures="0" timestamp="10 Sep 2019 09:35:59 GMT" time="51.842" errors="0">
  <testcase name="launchSBI" time="33.069" classname="naveenSeleniumClass.SeleniumPractice"/>
  <testcase name="launchBOFA" time="7.665" classname="naveenSeleniumClass.SeleniumPractice"/>
  <testcase name="launchHSBC" time="11.108" classname="naveenSeleniumClass.SeleniumPractice"/>
</testsuite> <!-- naveenSeleniumClass.SeleniumPractice -->
