<?xml version="1.0" encoding="UTF-8"?>
<!-- Generated by org.testng.reporters.JUnitReportReporter -->
<testsuite skipped="0" hostname="IL-MF10-NA102OH" name="naveenSeleniumClass.ParameterTest" tests="1" failures="0" timestamp="02 Jul 2019 12:17:59 GMT" time="0.011" errors="0">
  <testcase name="parameterTest" time="0.011" classname="naveenSeleniumClass.ParameterTest"/>
</testsuite> <!-- naveenSeleniumClass.ParameterTest -->
