<?xml version="1.0" encoding="UTF-8"?>
<!-- Generated by org.testng.reporters.JUnitReportReporter -->
<testsuite skipped="0" hostname="IL-MF10-NA102OH" name="naveenSeleniumClass.DataDrivenWithTestNG" tests="4" failures="0" timestamp="27 Sep 2019 09:09:35 GMT" time="111.541" errors="0">
  <testcase name="signUpPageTest" time="28.842" classname="naveenSeleniumClass.DataDrivenWithTestNG"/>
  <testcase name="signUpPageTest" time="17.824" classname="naveenSeleniumClass.DataDrivenWithTestNG"/>
  <testcase name="signUpPageTest" time="44.331" classname="naveenSeleniumClass.DataDrivenWithTestNG"/>
  <testcase name="signUpPageTest" time="20.544" classname="naveenSeleniumClass.DataDrivenWithTestNG"/>
</testsuite> <!-- naveenSeleniumClass.DataDrivenWithTestNG -->
