<?xml version="1.0" encoding="UTF-8"?>
<!-- Generated by org.testng.reporters.JUnitReportReporter -->
<testsuite skipped="0" hostname="IL-MF10-NA102OH" name="loginTest.Logintest" tests="1" failures="0" timestamp="29 May 2019 06:07:58 GMT" time="22.933" errors="0">
  <testcase name="applictionLogin" time="22.933" classname="loginTest.Logintest"/>
</testsuite> <!-- loginTest.Logintest -->
