<?xml version="1.0" encoding="UTF-8"?>
<!-- Generated by org.testng.reporters.JUnitReportReporter -->
<testsuite skipped="0" hostname="IL-MF10-NA102OH" name="auto.Application" tests="1" failures="0" timestamp="19 Jun 2019 04:58:47 GMT" time="11.946" errors="0">
  <testcase name="app" time="11.946" classname="auto.Application"/>
</testsuite> <!-- auto.Application -->
