<?xml version="1.0" encoding="UTF-8"?>
<!-- Generated by org.testng.reporters.JUnitReportReporter -->
<testsuite skipped="0" hostname="IL-MF10-NA102OH" name="auto.Headless" tests="1" failures="0" timestamp="21 Jun 2019 11:34:20 GMT" time="4.862" errors="0">
  <testcase name="verifyGoogleTitle" time="4.862" classname="auto.Headless"/>
</testsuite> <!-- auto.Headless -->
