<?xml version="1.0" encoding="UTF-8"?>
<!-- Generated by org.testng.reporters.JUnitReportReporter -->
<testsuite skipped="0" hostname="IL-MF10-NA102OH" name="ecommerce.AdminSmoke" tests="4" failures="0" timestamp="23 Apr 2019 05:49:53 GMT" time="71.851" errors="0">
  <testcase name="launchApp" time="31.349" classname="ecommerce.AdminSmoke"/>
  <testcase name="elementExistence" time="12.510" classname="ecommerce.AdminSmoke"/>
  <testcase name="verifyRedirect" time="14.202" classname="ecommerce.AdminSmoke"/>
  <testcase name="verifyAdminLogin" time="13.790" classname="ecommerce.AdminSmoke"/>
</testsuite> <!-- ecommerce.AdminSmoke -->
