<?xml version="1.0" encoding="UTF-8"?>
<!-- Generated by org.testng.reporters.JUnitReportReporter -->
<testsuite skipped="0" hostname="IL-MF10-NA102OH" name="ecommerce.DateTable" tests="1" failures="0" timestamp="30 May 2019 09:17:09 GMT" time="32.921" errors="0">
  <testcase name="dateTable" time="32.921" classname="ecommerce.DateTable"/>
</testsuite> <!-- ecommerce.DateTable -->
