<?xml version="1.0" encoding="UTF-8"?>
<!-- Generated by org.testng.reporters.JUnitReportReporter -->
<testsuite skipped="0" hostname="IL-MF10-NA102OH" name="ecommerce.UserInterface" tests="2" failures="0" timestamp="22 Apr 2019 10:38:28 GMT" time="11.538" errors="0">
  <testcase name="launchApp" time="7.552" classname="ecommerce.UserInterface"/>
  <testcase name="elementExistence" time="3.986" classname="ecommerce.UserInterface"/>
</testsuite> <!-- ecommerce.UserInterface -->
