<?xml version="1.0" encoding="UTF-8"?>
<!-- Generated by org.testng.reporters.JUnitReportReporter -->
<testsuite skipped="0" hostname="IL-MF10-NA102OH" name="ecommerce.ConnectMySQL" tests="1" failures="0" timestamp="03 Jun 2019 06:19:09 GMT" time="1.046" errors="0">
  <testcase name="testDB" time="1.046" classname="ecommerce.ConnectMySQL"/>
</testsuite> <!-- ecommerce.ConnectMySQL -->
