<?xml version="1.0" encoding="UTF-8"?>
<!-- Generated by org.testng.reporters.JUnitReportReporter -->
<testsuite skipped="0" hostname="IL-MF10-NA102OH" name="naveenSeleniumClass.PriorityTest" tests="5" failures="0" timestamp="24 Jun 2019 12:10:07 GMT" time="0.023" errors="0">
  <testcase name="c_method" time="0.003" classname="naveenSeleniumClass.PriorityTest"/>
  <testcase name="d_method" time="0.003" classname="naveenSeleniumClass.PriorityTest"/>
  <testcase name="a_method" time="0.014" classname="naveenSeleniumClass.PriorityTest"/>
  <testcase name="b_method" time="0.001" classname="naveenSeleniumClass.PriorityTest"/>
  <testcase name="e_method" time="0.002" classname="naveenSeleniumClass.PriorityTest"/>
</testsuite> <!-- naveenSeleniumClass.PriorityTest -->
