<?xml version="1.0" encoding="UTF-8"?>
<!-- Generated by org.testng.reporters.JUnitReportReporter -->
<testsuite skipped="0" hostname="IL-MF10-NA102OH" name="naveenSeleniumClass.HandleWindowPopup" tests="1" failures="0" timestamp="25 Jun 2019 06:03:05 GMT" time="11.265" errors="0">
  <testcase name="popupTest" time="11.265" classname="naveenSeleniumClass.HandleWindowPopup"/>
</testsuite> <!-- naveenSeleniumClass.HandleWindowPopup -->
